2023-09-15 16:36:30,340 INFO  [MLog-Init-Reporter] log.MLog$1 (MLog.java:191) - MLog clients using log4j logging.
2023-09-15 16:36:30,438 INFO  [main] c3p0.C3P0Registry (C3P0Registry.java:248) - Initializing c3p0-0.9.5.5 [built 11-December-2019 22:18:33 -0800; debug? true; trace: 10]
2023-09-15 16:36:30,639 INFO  [main] impl.AbstractPoolBackedDataSource (AbstractPoolBackedDataSource.java:527) - Initializing c3p0 pool... com.mchange.v2.c3p0.ComboPooledDataSource [ acquireIncrement -> 3, acquireRetryAttempts -> 30, acquireRetryDelay -> 1000, autoCommitOnClose -> false, automaticTestTable -> null, breakAfterAcquireFailure -> false, checkoutTimeout -> 0, connectionCustomizerClassName -> null, connectionTesterClassName -> com.mchange.v2.c3p0.impl.DefaultConnectionTester, contextClassLoaderSource -> caller, dataSourceName -> 1hge0z1ay163zixn7p9owo|25d250c6, debugUnreturnedConnectionStackTraces -> false, description -> null, driverClass -> oracle.jdbc.OracleDriver, extensions -> {}, factoryClassLocation -> null, forceIgnoreUnresolvedTransactions -> false, forceSynchronousCheckins -> false, forceUseNamedDriverClass -> false, identityToken -> 1hge0z1ay163zixn7p9owo|25d250c6, idleConnectionTestPeriod -> 0, initialPoolSize -> 3, jdbcUrl -> jdbc:oracle:thin:@localhost:1521:xe, maxAdministrativeTaskTime -> 0, maxConnectionAge -> 0, maxIdleTime -> 0, maxIdleTimeExcessConnections -> 0, maxPoolSize -> 15, maxStatements -> 0, maxStatementsPerConnection -> 0, minPoolSize -> 3, numHelperThreads -> 3, preferredTestQuery -> null, privilegeSpawnedThreads -> false, properties -> {user=******, password=******}, propertyCycle -> 0, statementCacheNumDeferredCloseThreads -> 0, testConnectionOnCheckin -> false, testConnectionOnCheckout -> false, unreturnedConnectionTimeout -> 0, userOverrides -> {}, usesTraditionalReflectiveProxies -> false ]
2023-09-15 16:37:39,240 INFO  [MLog-Init-Reporter] log.MLog$1 (MLog.java:191) - MLog clients using log4j logging.
2023-09-15 16:37:39,342 INFO  [main] c3p0.C3P0Registry (C3P0Registry.java:248) - Initializing c3p0-0.9.5.5 [built 11-December-2019 22:18:33 -0800; debug? true; trace: 10]
2023-09-15 16:37:39,543 INFO  [main] impl.AbstractPoolBackedDataSource (AbstractPoolBackedDataSource.java:527) - Initializing c3p0 pool... com.mchange.v2.c3p0.ComboPooledDataSource [ acquireIncrement -> 3, acquireRetryAttempts -> 30, acquireRetryDelay -> 1000, autoCommitOnClose -> false, automaticTestTable -> null, breakAfterAcquireFailure -> false, checkoutTimeout -> 0, connectionCustomizerClassName -> null, connectionTesterClassName -> com.mchange.v2.c3p0.impl.DefaultConnectionTester, contextClassLoaderSource -> caller, dataSourceName -> 1hge0z1ay164103l1mcuw1e|4445629, debugUnreturnedConnectionStackTraces -> false, description -> null, driverClass -> oracle.jdbc.OracleDriver, extensions -> {}, factoryClassLocation -> null, forceIgnoreUnresolvedTransactions -> false, forceSynchronousCheckins -> false, forceUseNamedDriverClass -> false, identityToken -> 1hge0z1ay164103l1mcuw1e|4445629, idleConnectionTestPeriod -> 0, initialPoolSize -> 3, jdbcUrl -> jdbc:oracle:thin:@localhost:1521:xe, maxAdministrativeTaskTime -> 0, maxConnectionAge -> 0, maxIdleTime -> 0, maxIdleTimeExcessConnections -> 0, maxPoolSize -> 15, maxStatements -> 0, maxStatementsPerConnection -> 0, minPoolSize -> 3, numHelperThreads -> 3, preferredTestQuery -> null, privilegeSpawnedThreads -> false, properties -> {user=******, password=******}, propertyCycle -> 0, statementCacheNumDeferredCloseThreads -> 0, testConnectionOnCheckin -> false, testConnectionOnCheckout -> false, unreturnedConnectionTimeout -> 0, userOverrides -> {}, usesTraditionalReflectiveProxies -> false ]
2023-09-15 16:39:18,240 INFO  [MLog-Init-Reporter] log.MLog$1 (MLog.java:191) - MLog clients using log4j logging.
2023-09-15 16:39:18,244 DEBUG [MLog-Init-Reporter] cfg.MConfig (MConfig.java:101) - Reading VM config for path list /com/mchange/v2/log/default-mchange-log.properties, /mchange-commons.properties, /c3p0.properties, hocon:/reference,/application,/c3p0,/, /mchange-log.properties, /
2023-09-15 16:39:18,244 DEBUG [MLog-Init-Reporter] cfg.MConfig (MConfig.java:101) - The configuration file for resource identifier '/mchange-commons.properties' could not be found. Skipping.
2023-09-15 16:39:18,244 DEBUG [MLog-Init-Reporter] cfg.MConfig (MConfig.java:101) - The configuration file for resource identifier '/c3p0.properties' could not be found. Skipping.
2023-09-15 16:39:18,245 DEBUG [MLog-Init-Reporter] cfg.MConfig (MConfig.java:101) - The configuration file for resource identifier 'hocon:/reference,/application,/c3p0,/' could not be found. Skipping.
2023-09-15 16:39:18,245 DEBUG [MLog-Init-Reporter] cfg.MConfig (MConfig.java:101) - The configuration file for resource identifier '/mchange-log.properties' could not be found. Skipping.
2023-09-15 16:39:18,246 DEBUG [main] cfg.MConfig (MConfig.java:101) - The configuration file for resource identifier '/mchange-commons.properties' could not be found. Skipping.
2023-09-15 16:39:18,246 DEBUG [main] cfg.MConfig (MConfig.java:101) - The configuration file for resource identifier '/mchange-log.properties' could not be found. Skipping.
2023-09-15 16:39:18,246 DEBUG [main] cfg.MConfig (MConfig.java:101) - The configuration file for resource identifier 'hocon:/reference,/application,/c3p0,/' could not be found. Skipping.
2023-09-15 16:39:18,246 DEBUG [main] cfg.MConfig (MConfig.java:101) - The configuration file for resource identifier '/c3p0.properties' could not be found. Skipping.
2023-09-15 16:39:18,344 INFO  [main] c3p0.C3P0Registry (C3P0Registry.java:248) - Initializing c3p0-0.9.5.5 [built 11-December-2019 22:18:33 -0800; debug? true; trace: 10]
2023-09-15 16:39:18,359 DEBUG [main] management.DynamicPooledDataSourceManagerMBean (DynamicPooledDataSourceManagerMBean.java:254) - MBean: com.mchange.v2.c3p0:type=PooledDataSource,identityToken=1hge0z1ay16434hl11wl90h|4445629,name=1hge0z1ay16434hl11wl90h|4445629 registered.
2023-09-15 16:39:18,410 DEBUG [main] management.DynamicPooledDataSourceManagerMBean (DynamicPooledDataSourceManagerMBean.java:246) - MBean: com.mchange.v2.c3p0:type=PooledDataSource,identityToken=1hge0z1ay16434hl11wl90h|4445629,name=1hge0z1ay16434hl11wl90h|4445629 unregistered, in order to be reregistered after update.
2023-09-15 16:39:18,410 DEBUG [main] management.DynamicPooledDataSourceManagerMBean (DynamicPooledDataSourceManagerMBean.java:254) - MBean: com.mchange.v2.c3p0:type=PooledDataSource,identityToken=1hge0z1ay16434hl11wl90h|4445629,name=1hge0z1ay16434hl11wl90h|4445629 registered.
2023-09-15 16:39:18,562 INFO  [main] impl.AbstractPoolBackedDataSource (AbstractPoolBackedDataSource.java:527) - Initializing c3p0 pool... com.mchange.v2.c3p0.ComboPooledDataSource [ acquireIncrement -> 3, acquireRetryAttempts -> 30, acquireRetryDelay -> 1000, autoCommitOnClose -> false, automaticTestTable -> null, breakAfterAcquireFailure -> false, checkoutTimeout -> 0, connectionCustomizerClassName -> null, connectionTesterClassName -> com.mchange.v2.c3p0.impl.DefaultConnectionTester, contextClassLoaderSource -> caller, dataSourceName -> 1hge0z1ay16434hl11wl90h|4445629, debugUnreturnedConnectionStackTraces -> false, description -> null, driverClass -> oracle.jdbc.OracleDriver, extensions -> {}, factoryClassLocation -> null, forceIgnoreUnresolvedTransactions -> false, forceSynchronousCheckins -> false, forceUseNamedDriverClass -> false, identityToken -> 1hge0z1ay16434hl11wl90h|4445629, idleConnectionTestPeriod -> 0, initialPoolSize -> 3, jdbcUrl -> jdbc:oracle:thin:@localhost:1521:xe, maxAdministrativeTaskTime -> 0, maxConnectionAge -> 0, maxIdleTime -> 0, maxIdleTimeExcessConnections -> 0, maxPoolSize -> 15, maxStatements -> 0, maxStatementsPerConnection -> 0, minPoolSize -> 3, numHelperThreads -> 3, preferredTestQuery -> null, privilegeSpawnedThreads -> false, properties -> {user=******, password=******}, propertyCycle -> 0, statementCacheNumDeferredCloseThreads -> 0, testConnectionOnCheckin -> false, testConnectionOnCheckout -> false, unreturnedConnectionTimeout -> 0, userOverrides -> {}, usesTraditionalReflectiveProxies -> false ]
2023-09-15 16:39:18,569 DEBUG [main] cfg.MConfig (MConfig.java:101) - The configuration file for resource identifier '/mchange-commons.properties' could not be found. Skipping.
2023-09-15 16:39:18,570 DEBUG [main] cfg.MConfig (MConfig.java:101) - The configuration file for resource identifier '/mchange-log.properties' could not be found. Skipping.
2023-09-15 16:39:18,570 DEBUG [main] cfg.MConfig (MConfig.java:101) - The configuration file for resource identifier '/c3p0.properties' could not be found. Skipping.
2023-09-15 16:39:18,570 DEBUG [main] cfg.MConfig (MConfig.java:101) - The configuration file for resource identifier 'hocon:/reference,/application,/c3p0,/' could not be found. Skipping.
2023-09-15 16:39:18,571 DEBUG [main] resourcepool.BasicResourcePool (BasicResourcePool.java:360) - com.mchange.v2.resourcepool.BasicResourcePool@4dbb42b7 config: [start -> 3; min -> 3; max -> 15; inc -> 3; num_acq_attempts -> 30; acq_attempt_delay -> 1000; check_idle_resources_delay -> 0; max_resource_age -> 0; max_idle_time -> 0; excess_max_idle_time -> 0; destroy_unreturned_resc_time -> 0; expiration_enforcement_delay -> 0; break_on_acquisition_failure -> false; debug_store_checkout_exceptions -> false; force_synchronous_checkins -> false]
2023-09-15 16:39:18,571 DEBUG [main] impl.C3P0PooledConnectionPoolManager (C3P0PooledConnectionPoolManager.java:401) - Created new pool for auth, username (masked): 'HR******'.
2023-09-15 16:39:18,577 DEBUG [main] resourcepool.BasicResourcePool (BasicResourcePool.java:625) - acquire test -- pool size: 0; target_pool_size: 3; desired target? 1
2023-09-15 16:39:18,577 DEBUG [main] resourcepool.BasicResourcePool (BasicResourcePool.java:1479) - awaitAvailable(): [unknown]
2023-09-15 16:39:19,099 DEBUG [main] management.ActiveManagementCoordinator (ActiveManagementCoordinator.java:181) - MBean: com.mchange.v2.c3p0:type=PooledDataSource,identityToken=1hge0z1ay16434hl11wl90h|4445629,name=1hge0z1ay16434hl11wl90h|4445629 unregistered.
2023-09-15 16:39:19,099 DEBUG [main] management.ActiveManagementCoordinator (ActiveManagementCoordinator.java:121) - C3P0Registry mbean unregistered.
2023-09-15 16:39:19,099 DEBUG [Resource Destroyer in BasicResourcePool.close()] resourcepool.BasicResourcePool$1DestroyResourceTask (BasicResourcePool.java:1112) - Preparing to destroy resource: com.mchange.v2.c3p0.impl.NewPooledConnection@62a3fb3a
2023-09-15 16:39:19,099 DEBUG [Resource Destroyer in BasicResourcePool.close()] impl.C3P0PooledConnectionPool$1PooledConnectionResourcePoolManager (C3P0PooledConnectionPool.java:619) - Preparing to destroy PooledConnection: com.mchange.v2.c3p0.impl.NewPooledConnection@62a3fb3a
2023-09-15 16:39:19,100 DEBUG [Resource Destroyer in BasicResourcePool.close()] impl.C3P0PooledConnectionPool$1PooledConnectionResourcePoolManager (C3P0PooledConnectionPool.java:630) - Successfully destroyed PooledConnection: com.mchange.v2.c3p0.impl.NewPooledConnection@62a3fb3a
2023-09-15 16:39:19,100 DEBUG [Resource Destroyer in BasicResourcePool.close()] resourcepool.BasicResourcePool$1DestroyResourceTask (BasicResourcePool.java:1117) - Successfully destroyed resource: com.mchange.v2.c3p0.impl.NewPooledConnection@62a3fb3a
2023-09-15 16:39:19,100 DEBUG [Resource Destroyer in BasicResourcePool.close()] resourcepool.BasicResourcePool$1DestroyResourceTask (BasicResourcePool.java:1112) - Preparing to destroy resource: com.mchange.v2.c3p0.impl.NewPooledConnection@572aa229
2023-09-15 16:39:19,100 DEBUG [Resource Destroyer in BasicResourcePool.close()] impl.C3P0PooledConnectionPool$1PooledConnectionResourcePoolManager (C3P0PooledConnectionPool.java:619) - Preparing to destroy PooledConnection: com.mchange.v2.c3p0.impl.NewPooledConnection@572aa229
2023-09-15 16:39:19,101 DEBUG [Resource Destroyer in BasicResourcePool.close()] impl.C3P0PooledConnectionPool$1PooledConnectionResourcePoolManager (C3P0PooledConnectionPool.java:630) - Successfully destroyed PooledConnection: com.mchange.v2.c3p0.impl.NewPooledConnection@572aa229
2023-09-15 16:39:19,101 DEBUG [Resource Destroyer in BasicResourcePool.close()] resourcepool.BasicResourcePool$1DestroyResourceTask (BasicResourcePool.java:1117) - Successfully destroyed resource: com.mchange.v2.c3p0.impl.NewPooledConnection@572aa229
2023-09-15 16:39:19,101 DEBUG [Resource Destroyer in BasicResourcePool.close()] resourcepool.BasicResourcePool$1DestroyResourceTask (BasicResourcePool.java:1112) - Preparing to destroy resource: com.mchange.v2.c3p0.impl.NewPooledConnection@77efedfb
2023-09-15 16:39:19,101 DEBUG [Resource Destroyer in BasicResourcePool.close()] impl.C3P0PooledConnectionPool$1PooledConnectionResourcePoolManager (C3P0PooledConnectionPool.java:619) - Preparing to destroy PooledConnection: com.mchange.v2.c3p0.impl.NewPooledConnection@77efedfb
2023-09-15 16:39:19,101 DEBUG [Resource Destroyer in BasicResourcePool.close()] impl.C3P0PooledConnectionPool$1PooledConnectionResourcePoolManager (C3P0PooledConnectionPool.java:630) - Successfully destroyed PooledConnection: com.mchange.v2.c3p0.impl.NewPooledConnection@77efedfb
2023-09-15 16:39:19,101 DEBUG [Resource Destroyer in BasicResourcePool.close()] resourcepool.BasicResourcePool$1DestroyResourceTask (BasicResourcePool.java:1117) - Successfully destroyed resource: com.mchange.v2.c3p0.impl.NewPooledConnection@77efedfb
2023-09-15 16:40:46,510 INFO  [MLog-Init-Reporter] log.MLog$1 - MLog clients using log4j logging.
2023-09-15 16:40:46,605 INFO  [main] c3p0.C3P0Registry - Initializing c3p0-0.9.5.5 [built 11-December-2019 22:18:33 -0800; debug? true; trace: 10]
2023-09-15 16:40:46,803 INFO  [main] impl.AbstractPoolBackedDataSource - Initializing c3p0 pool... com.mchange.v2.c3p0.ComboPooledDataSource [ acquireIncrement -> 3, acquireRetryAttempts -> 30, acquireRetryDelay -> 1000, autoCommitOnClose -> false, automaticTestTable -> null, breakAfterAcquireFailure -> false, checkoutTimeout -> 0, connectionCustomizerClassName -> null, connectionTesterClassName -> com.mchange.v2.c3p0.impl.DefaultConnectionTester, contextClassLoaderSource -> caller, dataSourceName -> 1hge0z1ay16450lh1j5ierl|4445629, debugUnreturnedConnectionStackTraces -> false, description -> null, driverClass -> oracle.jdbc.OracleDriver, extensions -> {}, factoryClassLocation -> null, forceIgnoreUnresolvedTransactions -> false, forceSynchronousCheckins -> false, forceUseNamedDriverClass -> false, identityToken -> 1hge0z1ay16450lh1j5ierl|4445629, idleConnectionTestPeriod -> 0, initialPoolSize -> 3, jdbcUrl -> jdbc:oracle:thin:@localhost:1521:xe, maxAdministrativeTaskTime -> 0, maxConnectionAge -> 0, maxIdleTime -> 0, maxIdleTimeExcessConnections -> 0, maxPoolSize -> 15, maxStatements -> 0, maxStatementsPerConnection -> 0, minPoolSize -> 3, numHelperThreads -> 3, preferredTestQuery -> null, privilegeSpawnedThreads -> false, properties -> {user=******, password=******}, propertyCycle -> 0, statementCacheNumDeferredCloseThreads -> 0, testConnectionOnCheckin -> false, testConnectionOnCheckout -> false, unreturnedConnectionTimeout -> 0, userOverrides -> {}, usesTraditionalReflectiveProxies -> false ]
2023-09-15 16:41:00,246 INFO  [MLog-Init-Reporter] log.MLog$1 (MLog.java:191) - MLog clients using log4j logging.
2023-09-15 16:41:00,344 INFO  [main] c3p0.C3P0Registry (C3P0Registry.java:248) - Initializing c3p0-0.9.5.5 [built 11-December-2019 22:18:33 -0800; debug? true; trace: 10]
2023-09-15 16:41:00,543 INFO  [main] impl.AbstractPoolBackedDataSource (AbstractPoolBackedDataSource.java:527) - Initializing c3p0 pool... com.mchange.v2.c3p0.ComboPooledDataSource [ acquireIncrement -> 3, acquireRetryAttempts -> 30, acquireRetryDelay -> 1000, autoCommitOnClose -> false, automaticTestTable -> null, breakAfterAcquireFailure -> false, checkoutTimeout -> 0, connectionCustomizerClassName -> null, connectionTesterClassName -> com.mchange.v2.c3p0.impl.DefaultConnectionTester, contextClassLoaderSource -> caller, dataSourceName -> 1hge0z1ay1645b716k8z51|4445629, debugUnreturnedConnectionStackTraces -> false, description -> null, driverClass -> oracle.jdbc.OracleDriver, extensions -> {}, factoryClassLocation -> null, forceIgnoreUnresolvedTransactions -> false, forceSynchronousCheckins -> false, forceUseNamedDriverClass -> false, identityToken -> 1hge0z1ay1645b716k8z51|4445629, idleConnectionTestPeriod -> 0, initialPoolSize -> 3, jdbcUrl -> jdbc:oracle:thin:@localhost:1521:xe, maxAdministrativeTaskTime -> 0, maxConnectionAge -> 0, maxIdleTime -> 0, maxIdleTimeExcessConnections -> 0, maxPoolSize -> 15, maxStatements -> 0, maxStatementsPerConnection -> 0, minPoolSize -> 3, numHelperThreads -> 3, preferredTestQuery -> null, privilegeSpawnedThreads -> false, properties -> {user=******, password=******}, propertyCycle -> 0, statementCacheNumDeferredCloseThreads -> 0, testConnectionOnCheckin -> false, testConnectionOnCheckout -> false, unreturnedConnectionTimeout -> 0, userOverrides -> {}, usesTraditionalReflectiveProxies -> false ]
2023-09-15 16:41:39,600 INFO  [MLog-Init-Reporter] log.MLog$1 (MLog.java:191) - MLog clients using log4j logging.
2023-09-15 16:41:39,602 DEBUG [MLog-Init-Reporter] cfg.MConfig (MConfig.java:101) - Reading VM config for path list /com/mchange/v2/log/default-mchange-log.properties, /mchange-commons.properties, /c3p0.properties, hocon:/reference,/application,/c3p0,/, /mchange-log.properties, /
2023-09-15 16:41:39,604 DEBUG [MLog-Init-Reporter] cfg.MConfig (MConfig.java:101) - The configuration file for resource identifier '/mchange-commons.properties' could not be found. Skipping.
2023-09-15 16:41:39,604 DEBUG [MLog-Init-Reporter] cfg.MConfig (MConfig.java:101) - The configuration file for resource identifier '/c3p0.properties' could not be found. Skipping.
2023-09-15 16:41:39,604 DEBUG [MLog-Init-Reporter] cfg.MConfig (MConfig.java:101) - The configuration file for resource identifier 'hocon:/reference,/application,/c3p0,/' could not be found. Skipping.
2023-09-15 16:41:39,604 DEBUG [MLog-Init-Reporter] cfg.MConfig (MConfig.java:101) - The configuration file for resource identifier '/mchange-log.properties' could not be found. Skipping.
2023-09-15 16:41:39,604 DEBUG [main] cfg.MConfig (MConfig.java:101) - The configuration file for resource identifier '/mchange-commons.properties' could not be found. Skipping.
2023-09-15 16:41:39,605 DEBUG [main] cfg.MConfig (MConfig.java:101) - The configuration file for resource identifier '/mchange-log.properties' could not be found. Skipping.
2023-09-15 16:41:39,605 DEBUG [main] cfg.MConfig (MConfig.java:101) - The configuration file for resource identifier 'hocon:/reference,/application,/c3p0,/' could not be found. Skipping.
2023-09-15 16:41:39,605 DEBUG [main] cfg.MConfig (MConfig.java:101) - The configuration file for resource identifier '/c3p0.properties' could not be found. Skipping.
2023-09-15 16:41:39,699 INFO  [main] c3p0.C3P0Registry (C3P0Registry.java:248) - Initializing c3p0-0.9.5.5 [built 11-December-2019 22:18:33 -0800; debug? true; trace: 10]
2023-09-15 16:41:39,711 DEBUG [main] management.DynamicPooledDataSourceManagerMBean (DynamicPooledDataSourceManagerMBean.java:254) - MBean: com.mchange.v2.c3p0:type=PooledDataSource,identityToken=1hge0z1ay16465k7vhf51w|4445629,name=1hge0z1ay16465k7vhf51w|4445629 registered.
2023-09-15 16:41:39,757 DEBUG [main] management.DynamicPooledDataSourceManagerMBean (DynamicPooledDataSourceManagerMBean.java:246) - MBean: com.mchange.v2.c3p0:type=PooledDataSource,identityToken=1hge0z1ay16465k7vhf51w|4445629,name=1hge0z1ay16465k7vhf51w|4445629 unregistered, in order to be reregistered after update.
2023-09-15 16:41:39,758 DEBUG [main] management.DynamicPooledDataSourceManagerMBean (DynamicPooledDataSourceManagerMBean.java:254) - MBean: com.mchange.v2.c3p0:type=PooledDataSource,identityToken=1hge0z1ay16465k7vhf51w|4445629,name=1hge0z1ay16465k7vhf51w|4445629 registered.
2023-09-15 16:41:39,903 INFO  [main] impl.AbstractPoolBackedDataSource (AbstractPoolBackedDataSource.java:527) - Initializing c3p0 pool... com.mchange.v2.c3p0.ComboPooledDataSource [ acquireIncrement -> 3, acquireRetryAttempts -> 30, acquireRetryDelay -> 1000, autoCommitOnClose -> false, automaticTestTable -> null, breakAfterAcquireFailure -> false, checkoutTimeout -> 0, connectionCustomizerClassName -> null, connectionTesterClassName -> com.mchange.v2.c3p0.impl.DefaultConnectionTester, contextClassLoaderSource -> caller, dataSourceName -> 1hge0z1ay16465k7vhf51w|4445629, debugUnreturnedConnectionStackTraces -> false, description -> null, driverClass -> oracle.jdbc.OracleDriver, extensions -> {}, factoryClassLocation -> null, forceIgnoreUnresolvedTransactions -> false, forceSynchronousCheckins -> false, forceUseNamedDriverClass -> false, identityToken -> 1hge0z1ay16465k7vhf51w|4445629, idleConnectionTestPeriod -> 0, initialPoolSize -> 3, jdbcUrl -> jdbc:oracle:thin:@localhost:1521:xe, maxAdministrativeTaskTime -> 0, maxConnectionAge -> 0, maxIdleTime -> 0, maxIdleTimeExcessConnections -> 0, maxPoolSize -> 15, maxStatements -> 0, maxStatementsPerConnection -> 0, minPoolSize -> 3, numHelperThreads -> 3, preferredTestQuery -> null, privilegeSpawnedThreads -> false, properties -> {user=******, password=******}, propertyCycle -> 0, statementCacheNumDeferredCloseThreads -> 0, testConnectionOnCheckin -> false, testConnectionOnCheckout -> false, unreturnedConnectionTimeout -> 0, userOverrides -> {}, usesTraditionalReflectiveProxies -> false ]
2023-09-15 16:41:39,911 DEBUG [main] cfg.MConfig (MConfig.java:101) - The configuration file for resource identifier '/mchange-commons.properties' could not be found. Skipping.
2023-09-15 16:41:39,912 DEBUG [main] cfg.MConfig (MConfig.java:101) - The configuration file for resource identifier '/mchange-log.properties' could not be found. Skipping.
2023-09-15 16:41:39,912 DEBUG [main] cfg.MConfig (MConfig.java:101) - The configuration file for resource identifier '/c3p0.properties' could not be found. Skipping.
2023-09-15 16:41:39,912 DEBUG [main] cfg.MConfig (MConfig.java:101) - The configuration file for resource identifier 'hocon:/reference,/application,/c3p0,/' could not be found. Skipping.
2023-09-15 16:41:39,913 DEBUG [main] resourcepool.BasicResourcePool (BasicResourcePool.java:360) - com.mchange.v2.resourcepool.BasicResourcePool@4dbb42b7 config: [start -> 3; min -> 3; max -> 15; inc -> 3; num_acq_attempts -> 30; acq_attempt_delay -> 1000; check_idle_resources_delay -> 0; max_resource_age -> 0; max_idle_time -> 0; excess_max_idle_time -> 0; destroy_unreturned_resc_time -> 0; expiration_enforcement_delay -> 0; break_on_acquisition_failure -> false; debug_store_checkout_exceptions -> false; force_synchronous_checkins -> false]
2023-09-15 16:41:39,920 DEBUG [main] impl.C3P0PooledConnectionPoolManager (C3P0PooledConnectionPoolManager.java:401) - Created new pool for auth, username (masked): 'HR******'.
2023-09-15 16:41:39,920 DEBUG [main] resourcepool.BasicResourcePool (BasicResourcePool.java:625) - acquire test -- pool size: 0; target_pool_size: 3; desired target? 1
2023-09-15 16:41:39,920 DEBUG [main] resourcepool.BasicResourcePool (BasicResourcePool.java:1479) - awaitAvailable(): [unknown]
2023-09-15 16:41:40,453 DEBUG [main] management.ActiveManagementCoordinator (ActiveManagementCoordinator.java:181) - MBean: com.mchange.v2.c3p0:type=PooledDataSource,identityToken=1hge0z1ay16465k7vhf51w|4445629,name=1hge0z1ay16465k7vhf51w|4445629 unregistered.
2023-09-15 16:41:40,453 DEBUG [main] management.ActiveManagementCoordinator (ActiveManagementCoordinator.java:121) - C3P0Registry mbean unregistered.
2023-09-15 16:41:40,453 DEBUG [Resource Destroyer in BasicResourcePool.close()] resourcepool.BasicResourcePool$1DestroyResourceTask (BasicResourcePool.java:1112) - Preparing to destroy resource: com.mchange.v2.c3p0.impl.NewPooledConnection@eac63ec
2023-09-15 16:41:40,453 DEBUG [Resource Destroyer in BasicResourcePool.close()] impl.C3P0PooledConnectionPool$1PooledConnectionResourcePoolManager (C3P0PooledConnectionPool.java:619) - Preparing to destroy PooledConnection: com.mchange.v2.c3p0.impl.NewPooledConnection@eac63ec
2023-09-15 16:41:40,454 DEBUG [Resource Destroyer in BasicResourcePool.close()] impl.C3P0PooledConnectionPool$1PooledConnectionResourcePoolManager (C3P0PooledConnectionPool.java:630) - Successfully destroyed PooledConnection: com.mchange.v2.c3p0.impl.NewPooledConnection@eac63ec
2023-09-15 16:41:40,454 DEBUG [Resource Destroyer in BasicResourcePool.close()] resourcepool.BasicResourcePool$1DestroyResourceTask (BasicResourcePool.java:1117) - Successfully destroyed resource: com.mchange.v2.c3p0.impl.NewPooledConnection@eac63ec
2023-09-15 16:41:40,454 DEBUG [Resource Destroyer in BasicResourcePool.close()] resourcepool.BasicResourcePool$1DestroyResourceTask (BasicResourcePool.java:1112) - Preparing to destroy resource: com.mchange.v2.c3p0.impl.NewPooledConnection@49e15eda
2023-09-15 16:41:40,454 DEBUG [Resource Destroyer in BasicResourcePool.close()] impl.C3P0PooledConnectionPool$1PooledConnectionResourcePoolManager (C3P0PooledConnectionPool.java:619) - Preparing to destroy PooledConnection: com.mchange.v2.c3p0.impl.NewPooledConnection@49e15eda
2023-09-15 16:41:40,455 DEBUG [Resource Destroyer in BasicResourcePool.close()] impl.C3P0PooledConnectionPool$1PooledConnectionResourcePoolManager (C3P0PooledConnectionPool.java:630) - Successfully destroyed PooledConnection: com.mchange.v2.c3p0.impl.NewPooledConnection@49e15eda
2023-09-15 16:41:40,455 DEBUG [Resource Destroyer in BasicResourcePool.close()] resourcepool.BasicResourcePool$1DestroyResourceTask (BasicResourcePool.java:1117) - Successfully destroyed resource: com.mchange.v2.c3p0.impl.NewPooledConnection@49e15eda
2023-09-15 16:41:40,455 DEBUG [Resource Destroyer in BasicResourcePool.close()] resourcepool.BasicResourcePool$1DestroyResourceTask (BasicResourcePool.java:1112) - Preparing to destroy resource: com.mchange.v2.c3p0.impl.NewPooledConnection@4a5643e8
2023-09-15 16:41:40,455 DEBUG [Resource Destroyer in BasicResourcePool.close()] impl.C3P0PooledConnectionPool$1PooledConnectionResourcePoolManager (C3P0PooledConnectionPool.java:619) - Preparing to destroy PooledConnection: com.mchange.v2.c3p0.impl.NewPooledConnection@4a5643e8
2023-09-15 16:41:40,456 DEBUG [Resource Destroyer in BasicResourcePool.close()] impl.C3P0PooledConnectionPool$1PooledConnectionResourcePoolManager (C3P0PooledConnectionPool.java:630) - Successfully destroyed PooledConnection: com.mchange.v2.c3p0.impl.NewPooledConnection@4a5643e8
2023-09-15 16:41:40,456 DEBUG [Resource Destroyer in BasicResourcePool.close()] resourcepool.BasicResourcePool$1DestroyResourceTask (BasicResourcePool.java:1117) - Successfully destroyed resource: com.mchange.v2.c3p0.impl.NewPooledConnection@4a5643e8
2023-09-15 16:41:50,465 INFO  [MLog-Init-Reporter] log.MLog$1 (MLog.java:191) - MLog clients using log4j logging.
2023-09-15 16:41:50,469 DEBUG [MLog-Init-Reporter] cfg.MConfig (MConfig.java:101) - Reading VM config for path list /com/mchange/v2/log/default-mchange-log.properties, /mchange-commons.properties, /c3p0.properties, hocon:/reference,/application,/c3p0,/, /mchange-log.properties, /
2023-09-15 16:41:50,469 DEBUG [MLog-Init-Reporter] cfg.MConfig (MConfig.java:101) - The configuration file for resource identifier '/mchange-commons.properties' could not be found. Skipping.
2023-09-15 16:41:50,470 DEBUG [MLog-Init-Reporter] cfg.MConfig (MConfig.java:101) - The configuration file for resource identifier '/c3p0.properties' could not be found. Skipping.
2023-09-15 16:41:50,470 DEBUG [MLog-Init-Reporter] cfg.MConfig (MConfig.java:101) - The configuration file for resource identifier 'hocon:/reference,/application,/c3p0,/' could not be found. Skipping.
2023-09-15 16:41:50,470 DEBUG [MLog-Init-Reporter] cfg.MConfig (MConfig.java:101) - The configuration file for resource identifier '/mchange-log.properties' could not be found. Skipping.
2023-09-15 16:41:50,471 DEBUG [main] cfg.MConfig (MConfig.java:101) - The configuration file for resource identifier '/mchange-commons.properties' could not be found. Skipping.
2023-09-15 16:41:50,471 DEBUG [main] cfg.MConfig (MConfig.java:101) - The configuration file for resource identifier '/mchange-log.properties' could not be found. Skipping.
2023-09-15 16:41:50,471 DEBUG [main] cfg.MConfig (MConfig.java:101) - The configuration file for resource identifier 'hocon:/reference,/application,/c3p0,/' could not be found. Skipping.
2023-09-15 16:41:50,471 DEBUG [main] cfg.MConfig (MConfig.java:101) - The configuration file for resource identifier '/c3p0.properties' could not be found. Skipping.
2023-09-15 16:41:50,565 INFO  [main] c3p0.C3P0Registry (C3P0Registry.java:248) - Initializing c3p0-0.9.5.5 [built 11-December-2019 22:18:33 -0800; debug? true; trace: 10]
2023-09-15 16:41:50,576 DEBUG [main] management.DynamicPooledDataSourceManagerMBean (DynamicPooledDataSourceManagerMBean.java:254) - MBean: com.mchange.v2.c3p0:type=PooledDataSource,identityToken=1hge0z1ay1646dy1dgreim|4445629,name=1hge0z1ay1646dy1dgreim|4445629 registered.
2023-09-15 16:41:50,622 DEBUG [main] management.DynamicPooledDataSourceManagerMBean (DynamicPooledDataSourceManagerMBean.java:246) - MBean: com.mchange.v2.c3p0:type=PooledDataSource,identityToken=1hge0z1ay1646dy1dgreim|4445629,name=1hge0z1ay1646dy1dgreim|4445629 unregistered, in order to be reregistered after update.
2023-09-15 16:41:50,622 DEBUG [main] management.DynamicPooledDataSourceManagerMBean (DynamicPooledDataSourceManagerMBean.java:254) - MBean: com.mchange.v2.c3p0:type=PooledDataSource,identityToken=1hge0z1ay1646dy1dgreim|4445629,name=1hge0z1ay1646dy1dgreim|4445629 registered.
2023-09-15 16:41:50,767 INFO  [main] impl.AbstractPoolBackedDataSource (AbstractPoolBackedDataSource.java:527) - Initializing c3p0 pool... com.mchange.v2.c3p0.ComboPooledDataSource [ acquireIncrement -> 3, acquireRetryAttempts -> 30, acquireRetryDelay -> 1000, autoCommitOnClose -> false, automaticTestTable -> null, breakAfterAcquireFailure -> false, checkoutTimeout -> 0, connectionCustomizerClassName -> null, connectionTesterClassName -> com.mchange.v2.c3p0.impl.DefaultConnectionTester, contextClassLoaderSource -> caller, dataSourceName -> 1hge0z1ay1646dy1dgreim|4445629, debugUnreturnedConnectionStackTraces -> false, description -> null, driverClass -> oracle.jdbc.OracleDriver, extensions -> {}, factoryClassLocation -> null, forceIgnoreUnresolvedTransactions -> false, forceSynchronousCheckins -> false, forceUseNamedDriverClass -> false, identityToken -> 1hge0z1ay1646dy1dgreim|4445629, idleConnectionTestPeriod -> 0, initialPoolSize -> 3, jdbcUrl -> jdbc:oracle:thin:@localhost:1521:xe, maxAdministrativeTaskTime -> 0, maxConnectionAge -> 0, maxIdleTime -> 0, maxIdleTimeExcessConnections -> 0, maxPoolSize -> 15, maxStatements -> 0, maxStatementsPerConnection -> 0, minPoolSize -> 3, numHelperThreads -> 3, preferredTestQuery -> null, privilegeSpawnedThreads -> false, properties -> {user=******, password=******}, propertyCycle -> 0, statementCacheNumDeferredCloseThreads -> 0, testConnectionOnCheckin -> false, testConnectionOnCheckout -> false, unreturnedConnectionTimeout -> 0, userOverrides -> {}, usesTraditionalReflectiveProxies -> false ]
2023-09-15 16:41:50,774 DEBUG [main] cfg.MConfig (MConfig.java:101) - The configuration file for resource identifier '/mchange-commons.properties' could not be found. Skipping.
2023-09-15 16:41:50,775 DEBUG [main] cfg.MConfig (MConfig.java:101) - The configuration file for resource identifier '/mchange-log.properties' could not be found. Skipping.
2023-09-15 16:41:50,775 DEBUG [main] cfg.MConfig (MConfig.java:101) - The configuration file for resource identifier '/c3p0.properties' could not be found. Skipping.
2023-09-15 16:41:50,775 DEBUG [main] cfg.MConfig (MConfig.java:101) - The configuration file for resource identifier 'hocon:/reference,/application,/c3p0,/' could not be found. Skipping.
2023-09-15 16:41:50,776 DEBUG [main] resourcepool.BasicResourcePool (BasicResourcePool.java:360) - com.mchange.v2.resourcepool.BasicResourcePool@2c1b194a config: [start -> 3; min -> 3; max -> 15; inc -> 3; num_acq_attempts -> 30; acq_attempt_delay -> 1000; check_idle_resources_delay -> 0; max_resource_age -> 0; max_idle_time -> 0; excess_max_idle_time -> 0; destroy_unreturned_resc_time -> 0; expiration_enforcement_delay -> 0; break_on_acquisition_failure -> false; debug_store_checkout_exceptions -> false; force_synchronous_checkins -> false]
2023-09-15 16:41:50,776 DEBUG [main] impl.C3P0PooledConnectionPoolManager (C3P0PooledConnectionPoolManager.java:401) - Created new pool for auth, username (masked): 'HR******'.
2023-09-15 16:41:50,782 DEBUG [main] resourcepool.BasicResourcePool (BasicResourcePool.java:625) - acquire test -- pool size: 0; target_pool_size: 3; desired target? 1
2023-09-15 16:41:50,782 DEBUG [main] resourcepool.BasicResourcePool (BasicResourcePool.java:1479) - awaitAvailable(): [unknown]
2023-09-15 16:46:24,300 INFO  [MLog-Init-Reporter] log.MLog$1 (MLog.java:191) - MLog clients using log4j logging.
2023-09-15 16:46:24,304 DEBUG [MLog-Init-Reporter] cfg.MConfig (MConfig.java:101) - Reading VM config for path list /com/mchange/v2/log/default-mchange-log.properties, /mchange-commons.properties, /c3p0.properties, hocon:/reference,/application,/c3p0,/, /mchange-log.properties, /
2023-09-15 16:46:24,304 DEBUG [MLog-Init-Reporter] cfg.MConfig (MConfig.java:101) - The configuration file for resource identifier '/mchange-commons.properties' could not be found. Skipping.
2023-09-15 16:46:24,305 DEBUG [MLog-Init-Reporter] cfg.MConfig (MConfig.java:101) - The configuration file for resource identifier '/c3p0.properties' could not be found. Skipping.
2023-09-15 16:46:24,305 DEBUG [MLog-Init-Reporter] cfg.MConfig (MConfig.java:101) - The configuration file for resource identifier 'hocon:/reference,/application,/c3p0,/' could not be found. Skipping.
2023-09-15 16:46:24,305 DEBUG [MLog-Init-Reporter] cfg.MConfig (MConfig.java:101) - The configuration file for resource identifier '/mchange-log.properties' could not be found. Skipping.
2023-09-15 16:46:24,306 DEBUG [main] cfg.MConfig (MConfig.java:101) - The configuration file for resource identifier '/mchange-commons.properties' could not be found. Skipping.
2023-09-15 16:46:24,306 DEBUG [main] cfg.MConfig (MConfig.java:101) - The configuration file for resource identifier '/mchange-log.properties' could not be found. Skipping.
2023-09-15 16:46:24,306 DEBUG [main] cfg.MConfig (MConfig.java:101) - The configuration file for resource identifier 'hocon:/reference,/application,/c3p0,/' could not be found. Skipping.
2023-09-15 16:46:24,306 DEBUG [main] cfg.MConfig (MConfig.java:101) - The configuration file for resource identifier '/c3p0.properties' could not be found. Skipping.
2023-09-15 16:46:24,399 INFO  [main] c3p0.C3P0Registry (C3P0Registry.java:248) - Initializing c3p0-0.9.5.5 [built 11-December-2019 22:18:33 -0800; debug? true; trace: 10]
2023-09-15 16:46:24,411 DEBUG [main] management.DynamicPooledDataSourceManagerMBean (DynamicPooledDataSourceManagerMBean.java:254) - MBean: com.mchange.v2.c3p0:type=PooledDataSource,identityToken=1hge0z1ay164c98k1avz08a|4445629,name=1hge0z1ay164c98k1avz08a|4445629 registered.
2023-09-15 16:46:24,458 DEBUG [main] management.DynamicPooledDataSourceManagerMBean (DynamicPooledDataSourceManagerMBean.java:246) - MBean: com.mchange.v2.c3p0:type=PooledDataSource,identityToken=1hge0z1ay164c98k1avz08a|4445629,name=1hge0z1ay164c98k1avz08a|4445629 unregistered, in order to be reregistered after update.
2023-09-15 16:46:24,458 DEBUG [main] management.DynamicPooledDataSourceManagerMBean (DynamicPooledDataSourceManagerMBean.java:254) - MBean: com.mchange.v2.c3p0:type=PooledDataSource,identityToken=1hge0z1ay164c98k1avz08a|4445629,name=1hge0z1ay164c98k1avz08a|4445629 registered.
2023-09-15 16:46:24,600 INFO  [main] impl.AbstractPoolBackedDataSource (AbstractPoolBackedDataSource.java:527) - Initializing c3p0 pool... com.mchange.v2.c3p0.ComboPooledDataSource [ acquireIncrement -> 3, acquireRetryAttempts -> 30, acquireRetryDelay -> 1000, autoCommitOnClose -> false, automaticTestTable -> null, breakAfterAcquireFailure -> false, checkoutTimeout -> 0, connectionCustomizerClassName -> null, connectionTesterClassName -> com.mchange.v2.c3p0.impl.DefaultConnectionTester, contextClassLoaderSource -> caller, dataSourceName -> 1hge0z1ay164c98k1avz08a|4445629, debugUnreturnedConnectionStackTraces -> false, description -> null, driverClass -> oracle.jdbc.OracleDriver, extensions -> {}, factoryClassLocation -> null, forceIgnoreUnresolvedTransactions -> false, forceSynchronousCheckins -> false, forceUseNamedDriverClass -> false, identityToken -> 1hge0z1ay164c98k1avz08a|4445629, idleConnectionTestPeriod -> 0, initialPoolSize -> 3, jdbcUrl -> jdbc:oracle:thin:@localhost:1521:xe, maxAdministrativeTaskTime -> 0, maxConnectionAge -> 0, maxIdleTime -> 0, maxIdleTimeExcessConnections -> 0, maxPoolSize -> 15, maxStatements -> 0, maxStatementsPerConnection -> 0, minPoolSize -> 3, numHelperThreads -> 3, preferredTestQuery -> null, privilegeSpawnedThreads -> false, properties -> {user=******, password=******}, propertyCycle -> 0, statementCacheNumDeferredCloseThreads -> 0, testConnectionOnCheckin -> false, testConnectionOnCheckout -> false, unreturnedConnectionTimeout -> 0, userOverrides -> {}, usesTraditionalReflectiveProxies -> false ]
2023-09-15 16:46:24,608 DEBUG [main] cfg.MConfig (MConfig.java:101) - The configuration file for resource identifier '/mchange-commons.properties' could not be found. Skipping.
2023-09-15 16:46:24,609 DEBUG [main] cfg.MConfig (MConfig.java:101) - The configuration file for resource identifier '/mchange-log.properties' could not be found. Skipping.
2023-09-15 16:46:24,609 DEBUG [main] cfg.MConfig (MConfig.java:101) - The configuration file for resource identifier '/c3p0.properties' could not be found. Skipping.
2023-09-15 16:46:24,609 DEBUG [main] cfg.MConfig (MConfig.java:101) - The configuration file for resource identifier 'hocon:/reference,/application,/c3p0,/' could not be found. Skipping.
2023-09-15 16:46:24,610 DEBUG [main] resourcepool.BasicResourcePool (BasicResourcePool.java:360) - com.mchange.v2.resourcepool.BasicResourcePool@4dbb42b7 config: [start -> 3; min -> 3; max -> 15; inc -> 3; num_acq_attempts -> 30; acq_attempt_delay -> 1000; check_idle_resources_delay -> 0; max_resource_age -> 0; max_idle_time -> 0; excess_max_idle_time -> 0; destroy_unreturned_resc_time -> 0; expiration_enforcement_delay -> 0; break_on_acquisition_failure -> false; debug_store_checkout_exceptions -> false; force_synchronous_checkins -> false]
2023-09-15 16:46:24,616 DEBUG [main] impl.C3P0PooledConnectionPoolManager (C3P0PooledConnectionPoolManager.java:401) - Created new pool for auth, username (masked): 'HR******'.
2023-09-15 16:46:24,616 DEBUG [main] resourcepool.BasicResourcePool (BasicResourcePool.java:625) - acquire test -- pool size: 0; target_pool_size: 3; desired target? 1
2023-09-15 16:46:24,616 DEBUG [main] resourcepool.BasicResourcePool (BasicResourcePool.java:1479) - awaitAvailable(): [unknown]
2023-09-15 16:46:25,152 DEBUG [main] management.ActiveManagementCoordinator (ActiveManagementCoordinator.java:181) - MBean: com.mchange.v2.c3p0:type=PooledDataSource,identityToken=1hge0z1ay164c98k1avz08a|4445629,name=1hge0z1ay164c98k1avz08a|4445629 unregistered.
2023-09-15 16:46:25,153 DEBUG [main] management.ActiveManagementCoordinator (ActiveManagementCoordinator.java:121) - C3P0Registry mbean unregistered.
2023-09-15 16:46:25,153 DEBUG [Resource Destroyer in BasicResourcePool.close()] resourcepool.BasicResourcePool$1DestroyResourceTask (BasicResourcePool.java:1112) - Preparing to destroy resource: com.mchange.v2.c3p0.impl.NewPooledConnection@5334104d
2023-09-15 16:46:25,153 DEBUG [Resource Destroyer in BasicResourcePool.close()] impl.C3P0PooledConnectionPool$1PooledConnectionResourcePoolManager (C3P0PooledConnectionPool.java:619) - Preparing to destroy PooledConnection: com.mchange.v2.c3p0.impl.NewPooledConnection@5334104d
2023-09-15 16:46:25,154 DEBUG [Resource Destroyer in BasicResourcePool.close()] impl.C3P0PooledConnectionPool$1PooledConnectionResourcePoolManager (C3P0PooledConnectionPool.java:630) - Successfully destroyed PooledConnection: com.mchange.v2.c3p0.impl.NewPooledConnection@5334104d
2023-09-15 16:46:25,154 DEBUG [Resource Destroyer in BasicResourcePool.close()] resourcepool.BasicResourcePool$1DestroyResourceTask (BasicResourcePool.java:1117) - Successfully destroyed resource: com.mchange.v2.c3p0.impl.NewPooledConnection@5334104d
2023-09-15 16:46:25,154 DEBUG [Resource Destroyer in BasicResourcePool.close()] resourcepool.BasicResourcePool$1DestroyResourceTask (BasicResourcePool.java:1112) - Preparing to destroy resource: com.mchange.v2.c3p0.impl.NewPooledConnection@535cbcab
2023-09-15 16:46:25,154 DEBUG [Resource Destroyer in BasicResourcePool.close()] impl.C3P0PooledConnectionPool$1PooledConnectionResourcePoolManager (C3P0PooledConnectionPool.java:619) - Preparing to destroy PooledConnection: com.mchange.v2.c3p0.impl.NewPooledConnection@535cbcab
2023-09-15 16:46:25,154 DEBUG [Resource Destroyer in BasicResourcePool.close()] impl.C3P0PooledConnectionPool$1PooledConnectionResourcePoolManager (C3P0PooledConnectionPool.java:630) - Successfully destroyed PooledConnection: com.mchange.v2.c3p0.impl.NewPooledConnection@535cbcab
2023-09-15 16:46:25,154 DEBUG [Resource Destroyer in BasicResourcePool.close()] resourcepool.BasicResourcePool$1DestroyResourceTask (BasicResourcePool.java:1117) - Successfully destroyed resource: com.mchange.v2.c3p0.impl.NewPooledConnection@535cbcab
2023-09-15 16:46:25,155 DEBUG [Resource Destroyer in BasicResourcePool.close()] resourcepool.BasicResourcePool$1DestroyResourceTask (BasicResourcePool.java:1112) - Preparing to destroy resource: com.mchange.v2.c3p0.impl.NewPooledConnection@5713adfc
2023-09-15 16:46:25,155 DEBUG [Resource Destroyer in BasicResourcePool.close()] impl.C3P0PooledConnectionPool$1PooledConnectionResourcePoolManager (C3P0PooledConnectionPool.java:619) - Preparing to destroy PooledConnection: com.mchange.v2.c3p0.impl.NewPooledConnection@5713adfc
2023-09-15 16:46:25,155 DEBUG [Resource Destroyer in BasicResourcePool.close()] impl.C3P0PooledConnectionPool$1PooledConnectionResourcePoolManager (C3P0PooledConnectionPool.java:630) - Successfully destroyed PooledConnection: com.mchange.v2.c3p0.impl.NewPooledConnection@5713adfc
2023-09-15 16:46:25,155 DEBUG [Resource Destroyer in BasicResourcePool.close()] resourcepool.BasicResourcePool$1DestroyResourceTask (BasicResourcePool.java:1117) - Successfully destroyed resource: com.mchange.v2.c3p0.impl.NewPooledConnection@5713adfc
2023-09-15 16:46:45,389 INFO  [MLog-Init-Reporter] log.MLog$1 (MLog.java:191) - MLog clients using log4j logging.
2023-09-15 16:46:45,393 DEBUG [MLog-Init-Reporter] cfg.MConfig (MConfig.java:101) - Reading VM config for path list /com/mchange/v2/log/default-mchange-log.properties, /mchange-commons.properties, /c3p0.properties, hocon:/reference,/application,/c3p0,/, /mchange-log.properties, /
2023-09-15 16:46:45,393 DEBUG [MLog-Init-Reporter] cfg.MConfig (MConfig.java:101) - The configuration file for resource identifier '/mchange-commons.properties' could not be found. Skipping.
2023-09-15 16:46:45,393 DEBUG [MLog-Init-Reporter] cfg.MConfig (MConfig.java:101) - The configuration file for resource identifier '/c3p0.properties' could not be found. Skipping.
2023-09-15 16:46:45,393 DEBUG [MLog-Init-Reporter] cfg.MConfig (MConfig.java:101) - The configuration file for resource identifier 'hocon:/reference,/application,/c3p0,/' could not be found. Skipping.
2023-09-15 16:46:45,393 DEBUG [MLog-Init-Reporter] cfg.MConfig (MConfig.java:101) - The configuration file for resource identifier '/mchange-log.properties' could not be found. Skipping.
2023-09-15 16:46:45,394 DEBUG [main] cfg.MConfig (MConfig.java:101) - The configuration file for resource identifier '/mchange-commons.properties' could not be found. Skipping.
2023-09-15 16:46:45,394 DEBUG [main] cfg.MConfig (MConfig.java:101) - The configuration file for resource identifier '/mchange-log.properties' could not be found. Skipping.
2023-09-15 16:46:45,395 DEBUG [main] cfg.MConfig (MConfig.java:101) - The configuration file for resource identifier 'hocon:/reference,/application,/c3p0,/' could not be found. Skipping.
2023-09-15 16:46:45,395 DEBUG [main] cfg.MConfig (MConfig.java:101) - The configuration file for resource identifier '/c3p0.properties' could not be found. Skipping.
2023-09-15 16:46:45,488 INFO  [main] c3p0.C3P0Registry (C3P0Registry.java:248) - Initializing c3p0-0.9.5.5 [built 11-December-2019 22:18:33 -0800; debug? true; trace: 10]
2023-09-15 16:46:45,499 DEBUG [main] management.DynamicPooledDataSourceManagerMBean (DynamicPooledDataSourceManagerMBean.java:254) - MBean: com.mchange.v2.c3p0:type=PooledDataSource,identityToken=1hge0z1ay164cpidhseht6|4445629,name=1hge0z1ay164cpidhseht6|4445629 registered.
2023-09-15 16:46:45,545 DEBUG [main] management.DynamicPooledDataSourceManagerMBean (DynamicPooledDataSourceManagerMBean.java:246) - MBean: com.mchange.v2.c3p0:type=PooledDataSource,identityToken=1hge0z1ay164cpidhseht6|4445629,name=1hge0z1ay164cpidhseht6|4445629 unregistered, in order to be reregistered after update.
2023-09-15 16:46:45,545 DEBUG [main] management.DynamicPooledDataSourceManagerMBean (DynamicPooledDataSourceManagerMBean.java:254) - MBean: com.mchange.v2.c3p0:type=PooledDataSource,identityToken=1hge0z1ay164cpidhseht6|4445629,name=1hge0z1ay164cpidhseht6|4445629 registered.
2023-09-15 16:46:45,693 INFO  [main] impl.AbstractPoolBackedDataSource (AbstractPoolBackedDataSource.java:527) - Initializing c3p0 pool... com.mchange.v2.c3p0.ComboPooledDataSource [ acquireIncrement -> 3, acquireRetryAttempts -> 30, acquireRetryDelay -> 1000, autoCommitOnClose -> false, automaticTestTable -> null, breakAfterAcquireFailure -> false, checkoutTimeout -> 0, connectionCustomizerClassName -> null, connectionTesterClassName -> com.mchange.v2.c3p0.impl.DefaultConnectionTester, contextClassLoaderSource -> caller, dataSourceName -> 1hge0z1ay164cpidhseht6|4445629, debugUnreturnedConnectionStackTraces -> false, description -> null, driverClass -> oracle.jdbc.OracleDriver, extensions -> {}, factoryClassLocation -> null, forceIgnoreUnresolvedTransactions -> false, forceSynchronousCheckins -> false, forceUseNamedDriverClass -> false, identityToken -> 1hge0z1ay164cpidhseht6|4445629, idleConnectionTestPeriod -> 0, initialPoolSize -> 3, jdbcUrl -> jdbc:oracle:thin:@localhost:1521:xe, maxAdministrativeTaskTime -> 0, maxConnectionAge -> 0, maxIdleTime -> 0, maxIdleTimeExcessConnections -> 0, maxPoolSize -> 15, maxStatements -> 0, maxStatementsPerConnection -> 0, minPoolSize -> 3, numHelperThreads -> 3, preferredTestQuery -> null, privilegeSpawnedThreads -> false, properties -> {user=******, password=******}, propertyCycle -> 0, statementCacheNumDeferredCloseThreads -> 0, testConnectionOnCheckin -> false, testConnectionOnCheckout -> false, unreturnedConnectionTimeout -> 0, userOverrides -> {}, usesTraditionalReflectiveProxies -> false ]
2023-09-15 16:46:45,700 DEBUG [main] cfg.MConfig (MConfig.java:101) - The configuration file for resource identifier '/mchange-commons.properties' could not be found. Skipping.
2023-09-15 16:46:45,701 DEBUG [main] cfg.MConfig (MConfig.java:101) - The configuration file for resource identifier '/mchange-log.properties' could not be found. Skipping.
2023-09-15 16:46:45,701 DEBUG [main] cfg.MConfig (MConfig.java:101) - The configuration file for resource identifier '/c3p0.properties' could not be found. Skipping.
2023-09-15 16:46:45,701 DEBUG [main] cfg.MConfig (MConfig.java:101) - The configuration file for resource identifier 'hocon:/reference,/application,/c3p0,/' could not be found. Skipping.
2023-09-15 16:46:45,702 DEBUG [main] resourcepool.BasicResourcePool (BasicResourcePool.java:360) - com.mchange.v2.resourcepool.BasicResourcePool@2c1b194a config: [start -> 3; min -> 3; max -> 15; inc -> 3; num_acq_attempts -> 30; acq_attempt_delay -> 1000; check_idle_resources_delay -> 0; max_resource_age -> 0; max_idle_time -> 0; excess_max_idle_time -> 0; destroy_unreturned_resc_time -> 0; expiration_enforcement_delay -> 0; break_on_acquisition_failure -> false; debug_store_checkout_exceptions -> false; force_synchronous_checkins -> false]
2023-09-15 16:46:45,702 DEBUG [main] impl.C3P0PooledConnectionPoolManager (C3P0PooledConnectionPoolManager.java:401) - Created new pool for auth, username (masked): 'HR******'.
2023-09-15 16:46:45,707 DEBUG [main] resourcepool.BasicResourcePool (BasicResourcePool.java:625) - acquire test -- pool size: 0; target_pool_size: 3; desired target? 1
2023-09-15 16:46:45,708 DEBUG [main] resourcepool.BasicResourcePool (BasicResourcePool.java:1479) - awaitAvailable(): [unknown]
